<?xml version="1.0" encoding="UTF-8"?>
<coverage generated="1315982564">
  <project timestamp="1315982564">
    <file name="/media/home/thomaskuchs/Develop/php/my-php-lib/src/test/php/org/sample/AppTest.php">
      <class name="AppTest" namespace="global">
        <metrics methods="1" coveredmethods="1" conditionals="0" coveredconditionals="0" statements="3" coveredstatements="3" elements="4" coveredelements="4"/>
      </class>
      <line num="0" type="stmt" count="1"/>
      <line num="4" type="method" name="testDoSomehting" crap="1" count="1"/>
      <line num="5" type="stmt" count="1"/>
      <line num="6" type="stmt" count="1"/>
      <line num="7" type="stmt" count="1"/>
      <metrics loc="8" ncloc="8" classes="1" methods="1" coveredmethods="1" conditionals="0" coveredconditionals="0" statements="4" coveredstatements="4" elements="5" coveredelements="5"/>
    </file>
    <metrics files="2" loc="40" ncloc="40" classes="2" methods="6" coveredmethods="1" conditionals="0" coveredconditionals="0" statements="22" coveredstatements="4" elements="28" coveredelements="5"/>
  </project>
</coverage>